2018-12-04 14:31:38,101 [main] WARN  o.e.r.i.c.rcp.TypeBindingAnalyzer - Can't handle class org.eclipse.jdt.internal.compiler.ast.IfStatement as parent of completion location.
2018-12-09 15:27:56,650 [main] WARN  o.e.r.i.c.rcp.TypeBindingAnalyzer - Can't handle class org.eclipse.jdt.internal.compiler.ast.WhileStatement as parent of completion location.
2018-12-20 22:24:17,687 [main] WARN  o.e.r.i.c.rcp.TypeBindingAnalyzer - Can't handle class org.eclipse.jdt.internal.compiler.ast.AllocationExpression as parent of completion location.
2018-12-25 01:25:17,313 [main] WARN  o.e.r.i.c.rcp.TypeBindingAnalyzer - Can't handle class org.eclipse.jdt.internal.compiler.ast.IfStatement as parent of completion location.
2018-12-25 12:57:29,732 [main] WARN  o.e.r.i.c.rcp.TypeBindingAnalyzer - Can't handle class org.eclipse.jdt.internal.compiler.ast.AllocationExpression as parent of completion location.
2018-12-25 13:19:39,415 [main] WARN  o.e.r.i.c.rcp.TypeBindingAnalyzer - Can't handle class org.eclipse.jdt.internal.compiler.ast.AllocationExpression as parent of completion location.
2018-12-25 15:00:26,457 [main] WARN  o.e.r.i.c.rcp.TypeBindingAnalyzer - Can't handle class org.eclipse.jdt.internal.compiler.ast.AllocationExpression as parent of completion location.
2018-12-25 15:42:29,045 [main] WARN  o.e.r.i.c.rcp.TypeBindingAnalyzer - Can't handle class org.eclipse.jdt.internal.compiler.ast.BinaryExpression as parent of completion location.
2018-12-25 19:21:31,708 [main] WARN  o.e.r.i.c.rcp.TypeBindingAnalyzer - Can't handle class org.eclipse.jdt.internal.compiler.ast.AllocationExpression as parent of completion location.
2018-12-26 00:01:52,509 [main] WARN  o.e.r.i.c.rcp.TypeBindingAnalyzer - Can't handle class org.eclipse.jdt.internal.compiler.ast.AllocationExpression as parent of completion location.
2018-12-26 20:45:53,935 [main] WARN  o.e.r.i.c.rcp.TypeBindingAnalyzer - Can't handle class org.eclipse.jdt.internal.compiler.ast.IfStatement as parent of completion location.
2018-12-26 20:45:55,438 [main] WARN  o.e.r.i.c.rcp.TypeBindingAnalyzer - Can't handle class org.eclipse.jdt.internal.compiler.ast.IfStatement as parent of completion location.
2018-12-26 20:45:55,942 [main] WARN  o.e.r.i.c.rcp.TypeBindingAnalyzer - Can't handle class org.eclipse.jdt.internal.compiler.ast.IfStatement as parent of completion location.
2018-12-26 20:45:55,986 [main] WARN  o.e.r.i.c.rcp.TypeBindingAnalyzer - Can't handle class org.eclipse.jdt.internal.compiler.ast.IfStatement as parent of completion location.
2018-12-26 20:45:56,010 [main] WARN  o.e.r.i.c.rcp.TypeBindingAnalyzer - Can't handle class org.eclipse.jdt.internal.compiler.ast.IfStatement as parent of completion location.
2018-12-26 20:45:56,038 [main] WARN  o.e.r.i.c.rcp.TypeBindingAnalyzer - Can't handle class org.eclipse.jdt.internal.compiler.ast.IfStatement as parent of completion location.
2018-12-26 20:45:56,058 [main] WARN  o.e.r.i.c.rcp.TypeBindingAnalyzer - Can't handle class org.eclipse.jdt.internal.compiler.ast.IfStatement as parent of completion location.
2018-12-26 20:45:56,084 [main] WARN  o.e.r.i.c.rcp.TypeBindingAnalyzer - Can't handle class org.eclipse.jdt.internal.compiler.ast.IfStatement as parent of completion location.
2018-12-26 20:45:59,517 [main] WARN  o.e.r.i.c.rcp.TypeBindingAnalyzer - Can't handle class org.eclipse.jdt.internal.compiler.ast.IfStatement as parent of completion location.
2018-12-26 20:45:59,548 [main] WARN  o.e.r.i.c.rcp.TypeBindingAnalyzer - Can't handle class org.eclipse.jdt.internal.compiler.ast.IfStatement as parent of completion location.
2018-12-26 20:45:59,578 [main] WARN  o.e.r.i.c.rcp.TypeBindingAnalyzer - Can't handle class org.eclipse.jdt.internal.compiler.ast.IfStatement as parent of completion location.
2018-12-26 20:45:59,600 [main] WARN  o.e.r.i.c.rcp.TypeBindingAnalyzer - Can't handle class org.eclipse.jdt.internal.compiler.ast.IfStatement as parent of completion location.
2018-12-26 20:45:59,630 [main] WARN  o.e.r.i.c.rcp.TypeBindingAnalyzer - Can't handle class org.eclipse.jdt.internal.compiler.ast.IfStatement as parent of completion location.
2018-12-26 20:45:59,661 [main] WARN  o.e.r.i.c.rcp.TypeBindingAnalyzer - Can't handle class org.eclipse.jdt.internal.compiler.ast.IfStatement as parent of completion location.
2018-12-26 20:45:59,691 [main] WARN  o.e.r.i.c.rcp.TypeBindingAnalyzer - Can't handle class org.eclipse.jdt.internal.compiler.ast.IfStatement as parent of completion location.
2018-12-26 20:46:08,413 [main] WARN  o.e.r.i.c.rcp.TypeBindingAnalyzer - Can't handle class org.eclipse.jdt.internal.compiler.ast.IfStatement as parent of completion location.
2018-12-27 19:38:16,688 [main] WARN  o.e.r.i.c.rcp.TypeBindingAnalyzer - Can't handle class org.eclipse.jdt.internal.compiler.ast.AllocationExpression as parent of completion location.
2018-12-27 19:38:17,941 [main] WARN  o.e.r.i.c.rcp.TypeBindingAnalyzer - Can't handle class org.eclipse.jdt.internal.compiler.ast.AllocationExpression as parent of completion location.
2018-12-27 19:38:27,777 [main] WARN  o.e.r.i.c.rcp.TypeBindingAnalyzer - Can't handle class org.eclipse.jdt.internal.compiler.ast.AllocationExpression as parent of completion location.
2018-12-27 19:38:35,002 [main] WARN  o.e.r.i.c.rcp.TypeBindingAnalyzer - Can't handle class org.eclipse.jdt.internal.compiler.ast.AllocationExpression as parent of completion location.
2018-12-27 22:23:30,732 [main] WARN  o.e.r.i.c.rcp.TypeBindingAnalyzer - Can't handle class org.eclipse.jdt.internal.compiler.ast.BinaryExpression as parent of completion location.
2018-12-27 22:23:33,150 [main] WARN  o.e.r.i.c.rcp.TypeBindingAnalyzer - Can't handle class org.eclipse.jdt.internal.compiler.ast.BinaryExpression as parent of completion location.
2018-12-28 22:16:43,619 [main] ERROR o.e.r.c.r.RecommendersCompletionContext - Couldn't parse type name: '[Ljava/util/Set<Ljava/lang/Integer;>;.toArray<T:Ljava/lang/Object;>([TT;)[TT;:TT;'
java.lang.IllegalArgumentException: Cannot parse '[Ljava/util/Set;/toArray([TT;)[TT;:TT' as vm type name.
	at org.eclipse.recommenders.utils.Throws.throwIllegalArgumentException(Throws.java:25) ~[org.eclipse.recommenders.utils_2.1.9.v20140917-1240.jar:na]
	at org.eclipse.recommenders.utils.names.VmTypeName.<init>(VmTypeName.java:116) ~[org.eclipse.recommenders.utils_2.1.9.v20140917-1240.jar:na]
	at org.eclipse.recommenders.utils.names.VmTypeName.get(VmTypeName.java:56) ~[org.eclipse.recommenders.utils_2.1.9.v20140917-1240.jar:na]
	at org.eclipse.recommenders.completion.rcp.RecommendersCompletionContext.createTypeNamesFromSignatures(RecommendersCompletionContext.java:80) [org.eclipse.recommenders.completion.rcp_2.1.9.v20140917-1240.jar:na]
	at org.eclipse.recommenders.completion.rcp.CompletionContextFunctions$ExpectedTypeNamesContextFunction.compute(CompletionContextFunctions.java:220) [org.eclipse.recommenders.completion.rcp_2.1.9.v20140917-1240.jar:na]
	at org.eclipse.recommenders.completion.rcp.CompletionContextFunctions$ExpectedTypeNamesContextFunction.compute(CompletionContextFunctions.java:1) [org.eclipse.recommenders.completion.rcp_2.1.9.v20140917-1240.jar:na]
	at org.eclipse.recommenders.completion.rcp.RecommendersCompletionContext.get(RecommendersCompletionContext.java:328) [org.eclipse.recommenders.completion.rcp_2.1.9.v20140917-1240.jar:na]
	at org.eclipse.recommenders.completion.rcp.RecommendersCompletionContext.get(RecommendersCompletionContext.java:336) [org.eclipse.recommenders.completion.rcp_2.1.9.v20140917-1240.jar:na]
	at org.eclipse.recommenders.completion.rcp.RecommendersCompletionContext.getExpectedTypeNames(RecommendersCompletionContext.java:164) [org.eclipse.recommenders.completion.rcp_2.1.9.v20140917-1240.jar:na]
	at org.eclipse.recommenders.internal.chain.rcp.ChainCompletionProposalComputer.shouldPerformCompletionOnExpectedType(ChainCompletionProposalComputer.java:138) [org.eclipse.recommenders.chain.rcp_2.1.9.v20140917-1240.jar:na]
	at org.eclipse.recommenders.internal.chain.rcp.ChainCompletionProposalComputer.computeCompletionProposals(ChainCompletionProposalComputer.java:96) [org.eclipse.recommenders.chain.rcp_2.1.9.v20140917-1240.jar:na]
	at org.eclipse.recommenders.internal.chain.rcp.ChainQuickAssistProcessor.getAssists(ChainQuickAssistProcessor.java:48) [org.eclipse.recommenders.chain.rcp_2.1.9.v20140917-1240.jar:na]
	at org.eclipse.jdt.internal.ui.text.correction.JavaCorrectionProcessor$SafeAssistCollector.safeRun(JavaCorrectionProcessor.java:403) [org.eclipse.jdt.ui_3.10.1.v20140817-1500.jar:na]
	at org.eclipse.jdt.internal.ui.text.correction.JavaCorrectionProcessor$SafeCorrectionProcessorAccess.run(JavaCorrectionProcessor.java:339) [org.eclipse.jdt.ui_3.10.1.v20140817-1500.jar:na]
	at org.eclipse.core.runtime.SafeRunner.run(SafeRunner.java:42) [org.eclipse.equinox.common_3.6.200.v20130402-1505.jar:na]
	at org.eclipse.jdt.internal.ui.text.correction.JavaCorrectionProcessor$SafeCorrectionProcessorAccess.process(JavaCorrectionProcessor.java:329) [org.eclipse.jdt.ui_3.10.1.v20140817-1500.jar:na]
	at org.eclipse.jdt.internal.ui.text.correction.JavaCorrectionProcessor.collectAssists(JavaCorrectionProcessor.java:509) [org.eclipse.jdt.ui_3.10.1.v20140817-1500.jar:na]
	at org.eclipse.jdt.internal.ui.text.correction.JavaCorrectionProcessor.collectProposals(JavaCorrectionProcessor.java:287) [org.eclipse.jdt.ui_3.10.1.v20140817-1500.jar:na]
	at org.eclipse.jdt.internal.ui.text.correction.JavaCorrectionProcessor.computeQuickAssistProposals(JavaCorrectionProcessor.java:242) [org.eclipse.jdt.ui_3.10.1.v20140817-1500.jar:na]
	at org.eclipse.jface.text.quickassist.QuickAssistAssistant$ContentAssistProcessor.computeCompletionProposals(QuickAssistAssistant.java:75) [org.eclipse.jface.text_3.9.1.v20140827-1810.jar:na]
	at org.eclipse.jface.text.contentassist.ContentAssistant.computeCompletionProposals(ContentAssistant.java:1861) [org.eclipse.jface.text_3.9.1.v20140827-1810.jar:na]
	at org.eclipse.jface.text.contentassist.CompletionProposalPopup.computeProposals(CompletionProposalPopup.java:573) [org.eclipse.jface.text_3.9.1.v20140827-1810.jar:na]
	at org.eclipse.jface.text.contentassist.CompletionProposalPopup.computeFilteredProposals(CompletionProposalPopup.java:1541) [org.eclipse.jface.text_3.9.1.v20140827-1810.jar:na]
	at org.eclipse.jface.text.contentassist.CompletionProposalPopup.access$4(CompletionProposalPopup.java:1484) [org.eclipse.jface.text_3.9.1.v20140827-1810.jar:na]
	at org.eclipse.jface.text.contentassist.CompletionProposalPopup$1.run(CompletionProposalPopup.java:382) [org.eclipse.jface.text_3.9.1.v20140827-1810.jar:na]
	at org.eclipse.swt.widgets.RunnableLock.run(RunnableLock.java:35) [org.eclipse.swt.gtk.linux.x86_64_3.103.1.v20140903-1947.jar:na]
	at org.eclipse.swt.widgets.Synchronizer.runAsyncMessages(Synchronizer.java:136) [org.eclipse.swt.gtk.linux.x86_64_3.103.1.v20140903-1947.jar:na]
	at org.eclipse.swt.widgets.Display.runAsyncMessages(Display.java:3774) [org.eclipse.swt.gtk.linux.x86_64_3.103.1.v20140903-1947.jar:na]
	at org.eclipse.swt.widgets.Display.readAndDispatch(Display.java:3412) [org.eclipse.swt.gtk.linux.x86_64_3.103.1.v20140903-1947.jar:na]
	at org.eclipse.e4.ui.internal.workbench.swt.PartRenderingEngine$9.run(PartRenderingEngine.java:1151) [org.eclipse.e4.ui.workbench.swt_0.12.100.v20140530-1436.jar:na]
	at org.eclipse.core.databinding.observable.Realm.runWithDefault(Realm.java:332) [org.eclipse.core.databinding.observable_1.4.1.v20140210-1835.jar:na]
	at org.eclipse.e4.ui.internal.workbench.swt.PartRenderingEngine.run(PartRenderingEngine.java:1032) [org.eclipse.e4.ui.workbench.swt_0.12.100.v20140530-1436.jar:na]
	at org.eclipse.e4.ui.internal.workbench.E4Workbench.createAndRunUI(E4Workbench.java:148) [org.eclipse.e4.ui.workbench_1.2.1.v20140901-1244.jar:na]
	at org.eclipse.ui.internal.Workbench$5.run(Workbench.java:636) [org.eclipse.ui.workbench_3.106.1.v20140827-1737.jar:na]
	at org.eclipse.core.databinding.observable.Realm.runWithDefault(Realm.java:332) [org.eclipse.core.databinding.observable_1.4.1.v20140210-1835.jar:na]
	at org.eclipse.ui.internal.Workbench.createAndRunWorkbench(Workbench.java:579) [org.eclipse.ui.workbench_3.106.1.v20140827-1737.jar:na]
	at org.eclipse.ui.PlatformUI.createAndRunWorkbench(PlatformUI.java:150) [org.eclipse.ui.workbench_3.106.1.v20140827-1737.jar:na]
	at org.eclipse.ui.internal.ide.application.IDEApplication.start(IDEApplication.java:135) [org.eclipse.ui.ide.application_1.0.500.v20140514-2033.jar:na]
	at org.eclipse.equinox.internal.app.EclipseAppHandle.run(EclipseAppHandle.java:196) [org.eclipse.equinox.app_1.3.200.v20130910-1609.jar:na]
	at org.eclipse.core.runtime.internal.adaptor.EclipseAppLauncher.runApplication(EclipseAppLauncher.java:134) [org.eclipse.osgi_3.10.1.v20140909-1633.jar:na]
	at org.eclipse.core.runtime.internal.adaptor.EclipseAppLauncher.start(EclipseAppLauncher.java:104) [org.eclipse.osgi_3.10.1.v20140909-1633.jar:na]
	at org.eclipse.core.runtime.adaptor.EclipseStarter.run(EclipseStarter.java:380) [org.eclipse.osgi_3.10.1.v20140909-1633.jar:na]
	at org.eclipse.core.runtime.adaptor.EclipseStarter.run(EclipseStarter.java:235) [org.eclipse.osgi_3.10.1.v20140909-1633.jar:na]
	at sun.reflect.NativeMethodAccessorImpl.invoke0(Native Method) ~[na:1.8.0_161]
	at sun.reflect.NativeMethodAccessorImpl.invoke(NativeMethodAccessorImpl.java:62) ~[na:1.8.0_161]
	at sun.reflect.DelegatingMethodAccessorImpl.invoke(DelegatingMethodAccessorImpl.java:43) ~[na:1.8.0_161]
	at java.lang.reflect.Method.invoke(Method.java:498) ~[na:1.8.0_161]
	at org.eclipse.equinox.launcher.Main.invokeFramework(Main.java:648) [org.eclipse.equinox.launcher_1.3.0.v20140415-2008.jar:na]
	at org.eclipse.equinox.launcher.Main.basicRun(Main.java:603) [org.eclipse.equinox.launcher_1.3.0.v20140415-2008.jar:na]
	at org.eclipse.equinox.launcher.Main.run(Main.java:1465) [org.eclipse.equinox.launcher_1.3.0.v20140415-2008.jar:na]
	at org.eclipse.equinox.launcher.Main.main(Main.java:1438) [org.eclipse.equinox.launcher_1.3.0.v20140415-2008.jar:na]
2018-12-28 22:16:43,635 [main] ERROR o.e.r.c.r.RecommendersCompletionContext - Couldn't parse type name: '[Ljava/util/Collection<Ljava/lang/Integer;>;.toArray<T:Ljava/lang/Object;>([TT;)[TT;:TT;'
java.lang.IllegalArgumentException: Cannot parse '[Ljava/util/Collection;/toArray([TT;)[TT;:TT' as vm type name.
	at org.eclipse.recommenders.utils.Throws.throwIllegalArgumentException(Throws.java:25) ~[org.eclipse.recommenders.utils_2.1.9.v20140917-1240.jar:na]
	at org.eclipse.recommenders.utils.names.VmTypeName.<init>(VmTypeName.java:116) ~[org.eclipse.recommenders.utils_2.1.9.v20140917-1240.jar:na]
	at org.eclipse.recommenders.utils.names.VmTypeName.get(VmTypeName.java:56) ~[org.eclipse.recommenders.utils_2.1.9.v20140917-1240.jar:na]
	at org.eclipse.recommenders.completion.rcp.RecommendersCompletionContext.createTypeNamesFromSignatures(RecommendersCompletionContext.java:80) [org.eclipse.recommenders.completion.rcp_2.1.9.v20140917-1240.jar:na]
	at org.eclipse.recommenders.completion.rcp.CompletionContextFunctions$ExpectedTypeNamesContextFunction.compute(CompletionContextFunctions.java:220) [org.eclipse.recommenders.completion.rcp_2.1.9.v20140917-1240.jar:na]
	at org.eclipse.recommenders.completion.rcp.CompletionContextFunctions$ExpectedTypeNamesContextFunction.compute(CompletionContextFunctions.java:1) [org.eclipse.recommenders.completion.rcp_2.1.9.v20140917-1240.jar:na]
	at org.eclipse.recommenders.completion.rcp.RecommendersCompletionContext.get(RecommendersCompletionContext.java:328) [org.eclipse.recommenders.completion.rcp_2.1.9.v20140917-1240.jar:na]
	at org.eclipse.recommenders.completion.rcp.RecommendersCompletionContext.get(RecommendersCompletionContext.java:336) [org.eclipse.recommenders.completion.rcp_2.1.9.v20140917-1240.jar:na]
	at org.eclipse.recommenders.completion.rcp.RecommendersCompletionContext.getExpectedTypeNames(RecommendersCompletionContext.java:164) [org.eclipse.recommenders.completion.rcp_2.1.9.v20140917-1240.jar:na]
	at org.eclipse.recommenders.internal.chain.rcp.ChainCompletionProposalComputer.shouldPerformCompletionOnExpectedType(ChainCompletionProposalComputer.java:138) [org.eclipse.recommenders.chain.rcp_2.1.9.v20140917-1240.jar:na]
	at org.eclipse.recommenders.internal.chain.rcp.ChainCompletionProposalComputer.computeCompletionProposals(ChainCompletionProposalComputer.java:96) [org.eclipse.recommenders.chain.rcp_2.1.9.v20140917-1240.jar:na]
	at org.eclipse.recommenders.internal.chain.rcp.ChainQuickAssistProcessor.getAssists(ChainQuickAssistProcessor.java:48) [org.eclipse.recommenders.chain.rcp_2.1.9.v20140917-1240.jar:na]
	at org.eclipse.jdt.internal.ui.text.correction.JavaCorrectionProcessor$SafeAssistCollector.safeRun(JavaCorrectionProcessor.java:403) [org.eclipse.jdt.ui_3.10.1.v20140817-1500.jar:na]
	at org.eclipse.jdt.internal.ui.text.correction.JavaCorrectionProcessor$SafeCorrectionProcessorAccess.run(JavaCorrectionProcessor.java:339) [org.eclipse.jdt.ui_3.10.1.v20140817-1500.jar:na]
	at org.eclipse.core.runtime.SafeRunner.run(SafeRunner.java:42) [org.eclipse.equinox.common_3.6.200.v20130402-1505.jar:na]
	at org.eclipse.jdt.internal.ui.text.correction.JavaCorrectionProcessor$SafeCorrectionProcessorAccess.process(JavaCorrectionProcessor.java:329) [org.eclipse.jdt.ui_3.10.1.v20140817-1500.jar:na]
	at org.eclipse.jdt.internal.ui.text.correction.JavaCorrectionProcessor.collectAssists(JavaCorrectionProcessor.java:509) [org.eclipse.jdt.ui_3.10.1.v20140817-1500.jar:na]
	at org.eclipse.jdt.internal.ui.text.correction.JavaCorrectionProcessor.collectProposals(JavaCorrectionProcessor.java:287) [org.eclipse.jdt.ui_3.10.1.v20140817-1500.jar:na]
	at org.eclipse.jdt.internal.ui.text.correction.JavaCorrectionProcessor.computeQuickAssistProposals(JavaCorrectionProcessor.java:242) [org.eclipse.jdt.ui_3.10.1.v20140817-1500.jar:na]
	at org.eclipse.jface.text.quickassist.QuickAssistAssistant$ContentAssistProcessor.computeCompletionProposals(QuickAssistAssistant.java:75) [org.eclipse.jface.text_3.9.1.v20140827-1810.jar:na]
	at org.eclipse.jface.text.contentassist.ContentAssistant.computeCompletionProposals(ContentAssistant.java:1861) [org.eclipse.jface.text_3.9.1.v20140827-1810.jar:na]
	at org.eclipse.jface.text.contentassist.CompletionProposalPopup.computeProposals(CompletionProposalPopup.java:573) [org.eclipse.jface.text_3.9.1.v20140827-1810.jar:na]
	at org.eclipse.jface.text.contentassist.CompletionProposalPopup.computeFilteredProposals(CompletionProposalPopup.java:1541) [org.eclipse.jface.text_3.9.1.v20140827-1810.jar:na]
	at org.eclipse.jface.text.contentassist.CompletionProposalPopup.access$4(CompletionProposalPopup.java:1484) [org.eclipse.jface.text_3.9.1.v20140827-1810.jar:na]
	at org.eclipse.jface.text.contentassist.CompletionProposalPopup$1.run(CompletionProposalPopup.java:382) [org.eclipse.jface.text_3.9.1.v20140827-1810.jar:na]
	at org.eclipse.swt.widgets.RunnableLock.run(RunnableLock.java:35) [org.eclipse.swt.gtk.linux.x86_64_3.103.1.v20140903-1947.jar:na]
	at org.eclipse.swt.widgets.Synchronizer.runAsyncMessages(Synchronizer.java:136) [org.eclipse.swt.gtk.linux.x86_64_3.103.1.v20140903-1947.jar:na]
	at org.eclipse.swt.widgets.Display.runAsyncMessages(Display.java:3774) [org.eclipse.swt.gtk.linux.x86_64_3.103.1.v20140903-1947.jar:na]
	at org.eclipse.swt.widgets.Display.readAndDispatch(Display.java:3412) [org.eclipse.swt.gtk.linux.x86_64_3.103.1.v20140903-1947.jar:na]
	at org.eclipse.e4.ui.internal.workbench.swt.PartRenderingEngine$9.run(PartRenderingEngine.java:1151) [org.eclipse.e4.ui.workbench.swt_0.12.100.v20140530-1436.jar:na]
	at org.eclipse.core.databinding.observable.Realm.runWithDefault(Realm.java:332) [org.eclipse.core.databinding.observable_1.4.1.v20140210-1835.jar:na]
	at org.eclipse.e4.ui.internal.workbench.swt.PartRenderingEngine.run(PartRenderingEngine.java:1032) [org.eclipse.e4.ui.workbench.swt_0.12.100.v20140530-1436.jar:na]
	at org.eclipse.e4.ui.internal.workbench.E4Workbench.createAndRunUI(E4Workbench.java:148) [org.eclipse.e4.ui.workbench_1.2.1.v20140901-1244.jar:na]
	at org.eclipse.ui.internal.Workbench$5.run(Workbench.java:636) [org.eclipse.ui.workbench_3.106.1.v20140827-1737.jar:na]
	at org.eclipse.core.databinding.observable.Realm.runWithDefault(Realm.java:332) [org.eclipse.core.databinding.observable_1.4.1.v20140210-1835.jar:na]
	at org.eclipse.ui.internal.Workbench.createAndRunWorkbench(Workbench.java:579) [org.eclipse.ui.workbench_3.106.1.v20140827-1737.jar:na]
	at org.eclipse.ui.PlatformUI.createAndRunWorkbench(PlatformUI.java:150) [org.eclipse.ui.workbench_3.106.1.v20140827-1737.jar:na]
	at org.eclipse.ui.internal.ide.application.IDEApplication.start(IDEApplication.java:135) [org.eclipse.ui.ide.application_1.0.500.v20140514-2033.jar:na]
	at org.eclipse.equinox.internal.app.EclipseAppHandle.run(EclipseAppHandle.java:196) [org.eclipse.equinox.app_1.3.200.v20130910-1609.jar:na]
	at org.eclipse.core.runtime.internal.adaptor.EclipseAppLauncher.runApplication(EclipseAppLauncher.java:134) [org.eclipse.osgi_3.10.1.v20140909-1633.jar:na]
	at org.eclipse.core.runtime.internal.adaptor.EclipseAppLauncher.start(EclipseAppLauncher.java:104) [org.eclipse.osgi_3.10.1.v20140909-1633.jar:na]
	at org.eclipse.core.runtime.adaptor.EclipseStarter.run(EclipseStarter.java:380) [org.eclipse.osgi_3.10.1.v20140909-1633.jar:na]
	at org.eclipse.core.runtime.adaptor.EclipseStarter.run(EclipseStarter.java:235) [org.eclipse.osgi_3.10.1.v20140909-1633.jar:na]
	at sun.reflect.NativeMethodAccessorImpl.invoke0(Native Method) ~[na:1.8.0_161]
	at sun.reflect.NativeMethodAccessorImpl.invoke(NativeMethodAccessorImpl.java:62) ~[na:1.8.0_161]
	at sun.reflect.DelegatingMethodAccessorImpl.invoke(DelegatingMethodAccessorImpl.java:43) ~[na:1.8.0_161]
	at java.lang.reflect.Method.invoke(Method.java:498) ~[na:1.8.0_161]
	at org.eclipse.equinox.launcher.Main.invokeFramework(Main.java:648) [org.eclipse.equinox.launcher_1.3.0.v20140415-2008.jar:na]
	at org.eclipse.equinox.launcher.Main.basicRun(Main.java:603) [org.eclipse.equinox.launcher_1.3.0.v20140415-2008.jar:na]
	at org.eclipse.equinox.launcher.Main.run(Main.java:1465) [org.eclipse.equinox.launcher_1.3.0.v20140415-2008.jar:na]
	at org.eclipse.equinox.launcher.Main.main(Main.java:1438) [org.eclipse.equinox.launcher_1.3.0.v20140415-2008.jar:na]
2018-12-28 22:16:43,636 [main] ERROR o.e.r.c.r.RecommendersCompletionContext - Couldn't parse type name: '[Ljava/util/AbstractCollection<Ljava/lang/Integer;>;.toArray<T:Ljava/lang/Object;>([TT;)[TT;:TT;'
java.lang.IllegalArgumentException: Cannot parse '[Ljava/util/AbstractCollection;/toArray([TT;)[TT;:TT' as vm type name.
	at org.eclipse.recommenders.utils.Throws.throwIllegalArgumentException(Throws.java:25) ~[org.eclipse.recommenders.utils_2.1.9.v20140917-1240.jar:na]
	at org.eclipse.recommenders.utils.names.VmTypeName.<init>(VmTypeName.java:116) ~[org.eclipse.recommenders.utils_2.1.9.v20140917-1240.jar:na]
	at org.eclipse.recommenders.utils.names.VmTypeName.get(VmTypeName.java:56) ~[org.eclipse.recommenders.utils_2.1.9.v20140917-1240.jar:na]
	at org.eclipse.recommenders.completion.rcp.RecommendersCompletionContext.createTypeNamesFromSignatures(RecommendersCompletionContext.java:80) [org.eclipse.recommenders.completion.rcp_2.1.9.v20140917-1240.jar:na]
	at org.eclipse.recommenders.completion.rcp.CompletionContextFunctions$ExpectedTypeNamesContextFunction.compute(CompletionContextFunctions.java:220) [org.eclipse.recommenders.completion.rcp_2.1.9.v20140917-1240.jar:na]
	at org.eclipse.recommenders.completion.rcp.CompletionContextFunctions$ExpectedTypeNamesContextFunction.compute(CompletionContextFunctions.java:1) [org.eclipse.recommenders.completion.rcp_2.1.9.v20140917-1240.jar:na]
	at org.eclipse.recommenders.completion.rcp.RecommendersCompletionContext.get(RecommendersCompletionContext.java:328) [org.eclipse.recommenders.completion.rcp_2.1.9.v20140917-1240.jar:na]
	at org.eclipse.recommenders.completion.rcp.RecommendersCompletionContext.get(RecommendersCompletionContext.java:336) [org.eclipse.recommenders.completion.rcp_2.1.9.v20140917-1240.jar:na]
	at org.eclipse.recommenders.completion.rcp.RecommendersCompletionContext.getExpectedTypeNames(RecommendersCompletionContext.java:164) [org.eclipse.recommenders.completion.rcp_2.1.9.v20140917-1240.jar:na]
	at org.eclipse.recommenders.internal.chain.rcp.ChainCompletionProposalComputer.shouldPerformCompletionOnExpectedType(ChainCompletionProposalComputer.java:138) [org.eclipse.recommenders.chain.rcp_2.1.9.v20140917-1240.jar:na]
	at org.eclipse.recommenders.internal.chain.rcp.ChainCompletionProposalComputer.computeCompletionProposals(ChainCompletionProposalComputer.java:96) [org.eclipse.recommenders.chain.rcp_2.1.9.v20140917-1240.jar:na]
	at org.eclipse.recommenders.internal.chain.rcp.ChainQuickAssistProcessor.getAssists(ChainQuickAssistProcessor.java:48) [org.eclipse.recommenders.chain.rcp_2.1.9.v20140917-1240.jar:na]
	at org.eclipse.jdt.internal.ui.text.correction.JavaCorrectionProcessor$SafeAssistCollector.safeRun(JavaCorrectionProcessor.java:403) [org.eclipse.jdt.ui_3.10.1.v20140817-1500.jar:na]
	at org.eclipse.jdt.internal.ui.text.correction.JavaCorrectionProcessor$SafeCorrectionProcessorAccess.run(JavaCorrectionProcessor.java:339) [org.eclipse.jdt.ui_3.10.1.v20140817-1500.jar:na]
	at org.eclipse.core.runtime.SafeRunner.run(SafeRunner.java:42) [org.eclipse.equinox.common_3.6.200.v20130402-1505.jar:na]
	at org.eclipse.jdt.internal.ui.text.correction.JavaCorrectionProcessor$SafeCorrectionProcessorAccess.process(JavaCorrectionProcessor.java:329) [org.eclipse.jdt.ui_3.10.1.v20140817-1500.jar:na]
	at org.eclipse.jdt.internal.ui.text.correction.JavaCorrectionProcessor.collectAssists(JavaCorrectionProcessor.java:509) [org.eclipse.jdt.ui_3.10.1.v20140817-1500.jar:na]
	at org.eclipse.jdt.internal.ui.text.correction.JavaCorrectionProcessor.collectProposals(JavaCorrectionProcessor.java:287) [org.eclipse.jdt.ui_3.10.1.v20140817-1500.jar:na]
	at org.eclipse.jdt.internal.ui.text.correction.JavaCorrectionProcessor.computeQuickAssistProposals(JavaCorrectionProcessor.java:242) [org.eclipse.jdt.ui_3.10.1.v20140817-1500.jar:na]
	at org.eclipse.jface.text.quickassist.QuickAssistAssistant$ContentAssistProcessor.computeCompletionProposals(QuickAssistAssistant.java:75) [org.eclipse.jface.text_3.9.1.v20140827-1810.jar:na]
	at org.eclipse.jface.text.contentassist.ContentAssistant.computeCompletionProposals(ContentAssistant.java:1861) [org.eclipse.jface.text_3.9.1.v20140827-1810.jar:na]
	at org.eclipse.jface.text.contentassist.CompletionProposalPopup.computeProposals(CompletionProposalPopup.java:573) [org.eclipse.jface.text_3.9.1.v20140827-1810.jar:na]
	at org.eclipse.jface.text.contentassist.CompletionProposalPopup.computeFilteredProposals(CompletionProposalPopup.java:1541) [org.eclipse.jface.text_3.9.1.v20140827-1810.jar:na]
	at org.eclipse.jface.text.contentassist.CompletionProposalPopup.access$4(CompletionProposalPopup.java:1484) [org.eclipse.jface.text_3.9.1.v20140827-1810.jar:na]
	at org.eclipse.jface.text.contentassist.CompletionProposalPopup$1.run(CompletionProposalPopup.java:382) [org.eclipse.jface.text_3.9.1.v20140827-1810.jar:na]
	at org.eclipse.swt.widgets.RunnableLock.run(RunnableLock.java:35) [org.eclipse.swt.gtk.linux.x86_64_3.103.1.v20140903-1947.jar:na]
	at org.eclipse.swt.widgets.Synchronizer.runAsyncMessages(Synchronizer.java:136) [org.eclipse.swt.gtk.linux.x86_64_3.103.1.v20140903-1947.jar:na]
	at org.eclipse.swt.widgets.Display.runAsyncMessages(Display.java:3774) [org.eclipse.swt.gtk.linux.x86_64_3.103.1.v20140903-1947.jar:na]
	at org.eclipse.swt.widgets.Display.readAndDispatch(Display.java:3412) [org.eclipse.swt.gtk.linux.x86_64_3.103.1.v20140903-1947.jar:na]
	at org.eclipse.e4.ui.internal.workbench.swt.PartRenderingEngine$9.run(PartRenderingEngine.java:1151) [org.eclipse.e4.ui.workbench.swt_0.12.100.v20140530-1436.jar:na]
	at org.eclipse.core.databinding.observable.Realm.runWithDefault(Realm.java:332) [org.eclipse.core.databinding.observable_1.4.1.v20140210-1835.jar:na]
	at org.eclipse.e4.ui.internal.workbench.swt.PartRenderingEngine.run(PartRenderingEngine.java:1032) [org.eclipse.e4.ui.workbench.swt_0.12.100.v20140530-1436.jar:na]
	at org.eclipse.e4.ui.internal.workbench.E4Workbench.createAndRunUI(E4Workbench.java:148) [org.eclipse.e4.ui.workbench_1.2.1.v20140901-1244.jar:na]
	at org.eclipse.ui.internal.Workbench$5.run(Workbench.java:636) [org.eclipse.ui.workbench_3.106.1.v20140827-1737.jar:na]
	at org.eclipse.core.databinding.observable.Realm.runWithDefault(Realm.java:332) [org.eclipse.core.databinding.observable_1.4.1.v20140210-1835.jar:na]
	at org.eclipse.ui.internal.Workbench.createAndRunWorkbench(Workbench.java:579) [org.eclipse.ui.workbench_3.106.1.v20140827-1737.jar:na]
	at org.eclipse.ui.PlatformUI.createAndRunWorkbench(PlatformUI.java:150) [org.eclipse.ui.workbench_3.106.1.v20140827-1737.jar:na]
	at org.eclipse.ui.internal.ide.application.IDEApplication.start(IDEApplication.java:135) [org.eclipse.ui.ide.application_1.0.500.v20140514-2033.jar:na]
	at org.eclipse.equinox.internal.app.EclipseAppHandle.run(EclipseAppHandle.java:196) [org.eclipse.equinox.app_1.3.200.v20130910-1609.jar:na]
	at org.eclipse.core.runtime.internal.adaptor.EclipseAppLauncher.runApplication(EclipseAppLauncher.java:134) [org.eclipse.osgi_3.10.1.v20140909-1633.jar:na]
	at org.eclipse.core.runtime.internal.adaptor.EclipseAppLauncher.start(EclipseAppLauncher.java:104) [org.eclipse.osgi_3.10.1.v20140909-1633.jar:na]
	at org.eclipse.core.runtime.adaptor.EclipseStarter.run(EclipseStarter.java:380) [org.eclipse.osgi_3.10.1.v20140909-1633.jar:na]
	at org.eclipse.core.runtime.adaptor.EclipseStarter.run(EclipseStarter.java:235) [org.eclipse.osgi_3.10.1.v20140909-1633.jar:na]
	at sun.reflect.NativeMethodAccessorImpl.invoke0(Native Method) ~[na:1.8.0_161]
	at sun.reflect.NativeMethodAccessorImpl.invoke(NativeMethodAccessorImpl.java:62) ~[na:1.8.0_161]
	at sun.reflect.DelegatingMethodAccessorImpl.invoke(DelegatingMethodAccessorImpl.java:43) ~[na:1.8.0_161]
	at java.lang.reflect.Method.invoke(Method.java:498) ~[na:1.8.0_161]
	at org.eclipse.equinox.launcher.Main.invokeFramework(Main.java:648) [org.eclipse.equinox.launcher_1.3.0.v20140415-2008.jar:na]
	at org.eclipse.equinox.launcher.Main.basicRun(Main.java:603) [org.eclipse.equinox.launcher_1.3.0.v20140415-2008.jar:na]
	at org.eclipse.equinox.launcher.Main.run(Main.java:1465) [org.eclipse.equinox.launcher_1.3.0.v20140415-2008.jar:na]
	at org.eclipse.equinox.launcher.Main.main(Main.java:1438) [org.eclipse.equinox.launcher_1.3.0.v20140415-2008.jar:na]
2018-12-28 22:16:49,020 [main] ERROR o.e.r.c.r.RecommendersCompletionContext - Couldn't parse type name: '[Ljava/util/Set<Ljava/lang/Integer;>;.toArray<T:Ljava/lang/Object;>([TT;)[TT;:TT;'
java.lang.IllegalArgumentException: Cannot parse '[Ljava/util/Set;/toArray([TT;)[TT;:TT' as vm type name.
	at org.eclipse.recommenders.utils.Throws.throwIllegalArgumentException(Throws.java:25) ~[org.eclipse.recommenders.utils_2.1.9.v20140917-1240.jar:na]
	at org.eclipse.recommenders.utils.names.VmTypeName.<init>(VmTypeName.java:116) ~[org.eclipse.recommenders.utils_2.1.9.v20140917-1240.jar:na]
	at org.eclipse.recommenders.utils.names.VmTypeName.get(VmTypeName.java:56) ~[org.eclipse.recommenders.utils_2.1.9.v20140917-1240.jar:na]
	at org.eclipse.recommenders.completion.rcp.RecommendersCompletionContext.createTypeNamesFromSignatures(RecommendersCompletionContext.java:80) [org.eclipse.recommenders.completion.rcp_2.1.9.v20140917-1240.jar:na]
	at org.eclipse.recommenders.completion.rcp.CompletionContextFunctions$ExpectedTypeNamesContextFunction.compute(CompletionContextFunctions.java:220) [org.eclipse.recommenders.completion.rcp_2.1.9.v20140917-1240.jar:na]
	at org.eclipse.recommenders.completion.rcp.CompletionContextFunctions$ExpectedTypeNamesContextFunction.compute(CompletionContextFunctions.java:1) [org.eclipse.recommenders.completion.rcp_2.1.9.v20140917-1240.jar:na]
	at org.eclipse.recommenders.completion.rcp.RecommendersCompletionContext.get(RecommendersCompletionContext.java:328) [org.eclipse.recommenders.completion.rcp_2.1.9.v20140917-1240.jar:na]
	at org.eclipse.recommenders.completion.rcp.RecommendersCompletionContext.get(RecommendersCompletionContext.java:336) [org.eclipse.recommenders.completion.rcp_2.1.9.v20140917-1240.jar:na]
	at org.eclipse.recommenders.completion.rcp.RecommendersCompletionContext.getExpectedTypeNames(RecommendersCompletionContext.java:164) [org.eclipse.recommenders.completion.rcp_2.1.9.v20140917-1240.jar:na]
	at org.eclipse.recommenders.internal.chain.rcp.ChainCompletionProposalComputer.shouldPerformCompletionOnExpectedType(ChainCompletionProposalComputer.java:138) [org.eclipse.recommenders.chain.rcp_2.1.9.v20140917-1240.jar:na]
	at org.eclipse.recommenders.internal.chain.rcp.ChainCompletionProposalComputer.computeCompletionProposals(ChainCompletionProposalComputer.java:96) [org.eclipse.recommenders.chain.rcp_2.1.9.v20140917-1240.jar:na]
	at org.eclipse.recommenders.internal.chain.rcp.ChainQuickAssistProcessor.getAssists(ChainQuickAssistProcessor.java:48) [org.eclipse.recommenders.chain.rcp_2.1.9.v20140917-1240.jar:na]
	at org.eclipse.jdt.internal.ui.text.correction.JavaCorrectionProcessor$SafeAssistCollector.safeRun(JavaCorrectionProcessor.java:403) [org.eclipse.jdt.ui_3.10.1.v20140817-1500.jar:na]
	at org.eclipse.jdt.internal.ui.text.correction.JavaCorrectionProcessor$SafeCorrectionProcessorAccess.run(JavaCorrectionProcessor.java:339) [org.eclipse.jdt.ui_3.10.1.v20140817-1500.jar:na]
	at org.eclipse.core.runtime.SafeRunner.run(SafeRunner.java:42) [org.eclipse.equinox.common_3.6.200.v20130402-1505.jar:na]
	at org.eclipse.jdt.internal.ui.text.correction.JavaCorrectionProcessor$SafeCorrectionProcessorAccess.process(JavaCorrectionProcessor.java:329) [org.eclipse.jdt.ui_3.10.1.v20140817-1500.jar:na]
	at org.eclipse.jdt.internal.ui.text.correction.JavaCorrectionProcessor.collectAssists(JavaCorrectionProcessor.java:509) [org.eclipse.jdt.ui_3.10.1.v20140817-1500.jar:na]
	at org.eclipse.jdt.internal.ui.text.correction.JavaCorrectionProcessor.collectProposals(JavaCorrectionProcessor.java:287) [org.eclipse.jdt.ui_3.10.1.v20140817-1500.jar:na]
	at org.eclipse.jdt.internal.ui.text.correction.JavaCorrectionProcessor.computeQuickAssistProposals(JavaCorrectionProcessor.java:242) [org.eclipse.jdt.ui_3.10.1.v20140817-1500.jar:na]
	at org.eclipse.jface.text.quickassist.QuickAssistAssistant$ContentAssistProcessor.computeCompletionProposals(QuickAssistAssistant.java:75) [org.eclipse.jface.text_3.9.1.v20140827-1810.jar:na]
	at org.eclipse.jface.text.contentassist.ContentAssistant.computeCompletionProposals(ContentAssistant.java:1861) [org.eclipse.jface.text_3.9.1.v20140827-1810.jar:na]
	at org.eclipse.jface.text.contentassist.CompletionProposalPopup.computeProposals(CompletionProposalPopup.java:573) [org.eclipse.jface.text_3.9.1.v20140827-1810.jar:na]
	at org.eclipse.jface.text.contentassist.CompletionProposalPopup.computeFilteredProposals(CompletionProposalPopup.java:1495) [org.eclipse.jface.text_3.9.1.v20140827-1810.jar:na]
	at org.eclipse.jface.text.contentassist.CompletionProposalPopup.access$4(CompletionProposalPopup.java:1484) [org.eclipse.jface.text_3.9.1.v20140827-1810.jar:na]
	at org.eclipse.jface.text.contentassist.CompletionProposalPopup$1.run(CompletionProposalPopup.java:382) [org.eclipse.jface.text_3.9.1.v20140827-1810.jar:na]
	at org.eclipse.jface.text.contentassist.CompletionProposalPopup.getSelectedProposal(CompletionProposalPopup.java:892) [org.eclipse.jface.text_3.9.1.v20140827-1810.jar:na]
	at org.eclipse.jface.text.contentassist.CompletionProposalPopup.verifyKey(CompletionProposalPopup.java:1367) [org.eclipse.jface.text_3.9.1.v20140827-1810.jar:na]
	at org.eclipse.jface.text.contentassist.ContentAssistant$InternalListener.verifyKey(ContentAssistant.java:808) [org.eclipse.jface.text_3.9.1.v20140827-1810.jar:na]
	at org.eclipse.jface.text.TextViewer$VerifyKeyListenersManager.verifyKey(TextViewer.java:491) [org.eclipse.jface.text_3.9.1.v20140827-1810.jar:na]
	at org.eclipse.swt.custom.StyledTextListener.handleEvent(StyledTextListener.java:66) [org.eclipse.swt.gtk.linux.x86_64_3.103.1.v20140903-1947.jar:na]
	at org.eclipse.swt.widgets.EventTable.sendEvent(EventTable.java:84) [org.eclipse.swt.gtk.linux.x86_64_3.103.1.v20140903-1947.jar:na]
	at org.eclipse.swt.widgets.Display.sendEvent(Display.java:4454) [org.eclipse.swt.gtk.linux.x86_64_3.103.1.v20140903-1947.jar:na]
	at org.eclipse.swt.widgets.Widget.sendEvent(Widget.java:1388) [org.eclipse.swt.gtk.linux.x86_64_3.103.1.v20140903-1947.jar:na]
	at org.eclipse.swt.widgets.Widget.sendEvent(Widget.java:1412) [org.eclipse.swt.gtk.linux.x86_64_3.103.1.v20140903-1947.jar:na]
	at org.eclipse.swt.widgets.Widget.sendEvent(Widget.java:1397) [org.eclipse.swt.gtk.linux.x86_64_3.103.1.v20140903-1947.jar:na]
	at org.eclipse.swt.widgets.Widget.notifyListeners(Widget.java:1182) [org.eclipse.swt.gtk.linux.x86_64_3.103.1.v20140903-1947.jar:na]
	at org.eclipse.swt.custom.StyledText.handleKeyDown(StyledText.java:5981) [org.eclipse.swt.gtk.linux.x86_64_3.103.1.v20140903-1947.jar:na]
	at org.eclipse.swt.custom.StyledText$7.handleEvent(StyledText.java:5663) [org.eclipse.swt.gtk.linux.x86_64_3.103.1.v20140903-1947.jar:na]
	at org.eclipse.swt.widgets.EventTable.sendEvent(EventTable.java:84) [org.eclipse.swt.gtk.linux.x86_64_3.103.1.v20140903-1947.jar:na]
	at org.eclipse.swt.widgets.Display.sendEvent(Display.java:4454) [org.eclipse.swt.gtk.linux.x86_64_3.103.1.v20140903-1947.jar:na]
	at org.eclipse.swt.widgets.Widget.sendEvent(Widget.java:1388) [org.eclipse.swt.gtk.linux.x86_64_3.103.1.v20140903-1947.jar:na]
	at org.eclipse.swt.widgets.Widget.sendEvent(Widget.java:1412) [org.eclipse.swt.gtk.linux.x86_64_3.103.1.v20140903-1947.jar:na]
	at org.eclipse.swt.widgets.Widget.sendEvent(Widget.java:1397) [org.eclipse.swt.gtk.linux.x86_64_3.103.1.v20140903-1947.jar:na]
	at org.eclipse.swt.widgets.Widget.sendKeyEvent(Widget.java:1424) [org.eclipse.swt.gtk.linux.x86_64_3.103.1.v20140903-1947.jar:na]
	at org.eclipse.swt.widgets.Widget.gtk_key_press_event(Widget.java:824) [org.eclipse.swt.gtk.linux.x86_64_3.103.1.v20140903-1947.jar:na]
	at org.eclipse.swt.widgets.Control.gtk_key_press_event(Control.java:3272) [org.eclipse.swt.gtk.linux.x86_64_3.103.1.v20140903-1947.jar:na]
	at org.eclipse.swt.widgets.Composite.gtk_key_press_event(Composite.java:769) [org.eclipse.swt.gtk.linux.x86_64_3.103.1.v20140903-1947.jar:na]
	at org.eclipse.swt.widgets.Widget.windowProc(Widget.java:2098) [org.eclipse.swt.gtk.linux.x86_64_3.103.1.v20140903-1947.jar:na]
	at org.eclipse.swt.widgets.Control.windowProc(Control.java:5513) [org.eclipse.swt.gtk.linux.x86_64_3.103.1.v20140903-1947.jar:na]
	at org.eclipse.swt.widgets.Display.windowProc(Display.java:4668) [org.eclipse.swt.gtk.linux.x86_64_3.103.1.v20140903-1947.jar:na]
	at org.eclipse.swt.internal.gtk.OS._gtk_main_do_event(Native Method) [org.eclipse.swt.gtk.linux.x86_64_3.103.1.v20140903-1947.jar:na]
	at org.eclipse.swt.internal.gtk.OS.gtk_main_do_event(OS.java:9106) [org.eclipse.swt.gtk.linux.x86_64_3.103.1.v20140903-1947.jar:na]
	at org.eclipse.swt.widgets.Display.eventProc(Display.java:1253) [org.eclipse.swt.gtk.linux.x86_64_3.103.1.v20140903-1947.jar:na]
	at org.eclipse.swt.internal.gtk.OS._g_main_context_iteration(Native Method) [org.eclipse.swt.gtk.linux.x86_64_3.103.1.v20140903-1947.jar:na]
	at org.eclipse.swt.internal.gtk.OS.g_main_context_iteration(OS.java:2477) [org.eclipse.swt.gtk.linux.x86_64_3.103.1.v20140903-1947.jar:na]
	at org.eclipse.swt.widgets.Display.readAndDispatch(Display.java:3407) [org.eclipse.swt.gtk.linux.x86_64_3.103.1.v20140903-1947.jar:na]
	at org.eclipse.e4.ui.internal.workbench.swt.PartRenderingEngine$9.run(PartRenderingEngine.java:1151) [org.eclipse.e4.ui.workbench.swt_0.12.100.v20140530-1436.jar:na]
	at org.eclipse.core.databinding.observable.Realm.runWithDefault(Realm.java:332) [org.eclipse.core.databinding.observable_1.4.1.v20140210-1835.jar:na]
	at org.eclipse.e4.ui.internal.workbench.swt.PartRenderingEngine.run(PartRenderingEngine.java:1032) [org.eclipse.e4.ui.workbench.swt_0.12.100.v20140530-1436.jar:na]
	at org.eclipse.e4.ui.internal.workbench.E4Workbench.createAndRunUI(E4Workbench.java:148) [org.eclipse.e4.ui.workbench_1.2.1.v20140901-1244.jar:na]
	at org.eclipse.ui.internal.Workbench$5.run(Workbench.java:636) [org.eclipse.ui.workbench_3.106.1.v20140827-1737.jar:na]
	at org.eclipse.core.databinding.observable.Realm.runWithDefault(Realm.java:332) [org.eclipse.core.databinding.observable_1.4.1.v20140210-1835.jar:na]
	at org.eclipse.ui.internal.Workbench.createAndRunWorkbench(Workbench.java:579) [org.eclipse.ui.workbench_3.106.1.v20140827-1737.jar:na]
	at org.eclipse.ui.PlatformUI.createAndRunWorkbench(PlatformUI.java:150) [org.eclipse.ui.workbench_3.106.1.v20140827-1737.jar:na]
	at org.eclipse.ui.internal.ide.application.IDEApplication.start(IDEApplication.java:135) [org.eclipse.ui.ide.application_1.0.500.v20140514-2033.jar:na]
	at org.eclipse.equinox.internal.app.EclipseAppHandle.run(EclipseAppHandle.java:196) [org.eclipse.equinox.app_1.3.200.v20130910-1609.jar:na]
	at org.eclipse.core.runtime.internal.adaptor.EclipseAppLauncher.runApplication(EclipseAppLauncher.java:134) [org.eclipse.osgi_3.10.1.v20140909-1633.jar:na]
	at org.eclipse.core.runtime.internal.adaptor.EclipseAppLauncher.start(EclipseAppLauncher.java:104) [org.eclipse.osgi_3.10.1.v20140909-1633.jar:na]
	at org.eclipse.core.runtime.adaptor.EclipseStarter.run(EclipseStarter.java:380) [org.eclipse.osgi_3.10.1.v20140909-1633.jar:na]
	at org.eclipse.core.runtime.adaptor.EclipseStarter.run(EclipseStarter.java:235) [org.eclipse.osgi_3.10.1.v20140909-1633.jar:na]
	at sun.reflect.NativeMethodAccessorImpl.invoke0(Native Method) ~[na:1.8.0_161]
	at sun.reflect.NativeMethodAccessorImpl.invoke(NativeMethodAccessorImpl.java:62) ~[na:1.8.0_161]
	at sun.reflect.DelegatingMethodAccessorImpl.invoke(DelegatingMethodAccessorImpl.java:43) ~[na:1.8.0_161]
	at java.lang.reflect.Method.invoke(Method.java:498) ~[na:1.8.0_161]
	at org.eclipse.equinox.launcher.Main.invokeFramework(Main.java:648) [org.eclipse.equinox.launcher_1.3.0.v20140415-2008.jar:na]
	at org.eclipse.equinox.launcher.Main.basicRun(Main.java:603) [org.eclipse.equinox.launcher_1.3.0.v20140415-2008.jar:na]
	at org.eclipse.equinox.launcher.Main.run(Main.java:1465) [org.eclipse.equinox.launcher_1.3.0.v20140415-2008.jar:na]
	at org.eclipse.equinox.launcher.Main.main(Main.java:1438) [org.eclipse.equinox.launcher_1.3.0.v20140415-2008.jar:na]
2018-12-28 22:16:49,022 [main] ERROR o.e.r.c.r.RecommendersCompletionContext - Couldn't parse type name: '[Ljava/util/Collection<Ljava/lang/Integer;>;.toArray<T:Ljava/lang/Object;>([TT;)[TT;:TT;'
java.lang.IllegalArgumentException: Cannot parse '[Ljava/util/Collection;/toArray([TT;)[TT;:TT' as vm type name.
	at org.eclipse.recommenders.utils.Throws.throwIllegalArgumentException(Throws.java:25) ~[org.eclipse.recommenders.utils_2.1.9.v20140917-1240.jar:na]
	at org.eclipse.recommenders.utils.names.VmTypeName.<init>(VmTypeName.java:116) ~[org.eclipse.recommenders.utils_2.1.9.v20140917-1240.jar:na]
	at org.eclipse.recommenders.utils.names.VmTypeName.get(VmTypeName.java:56) ~[org.eclipse.recommenders.utils_2.1.9.v20140917-1240.jar:na]
	at org.eclipse.recommenders.completion.rcp.RecommendersCompletionContext.createTypeNamesFromSignatures(RecommendersCompletionContext.java:80) [org.eclipse.recommenders.completion.rcp_2.1.9.v20140917-1240.jar:na]
	at org.eclipse.recommenders.completion.rcp.CompletionContextFunctions$ExpectedTypeNamesContextFunction.compute(CompletionContextFunctions.java:220) [org.eclipse.recommenders.completion.rcp_2.1.9.v20140917-1240.jar:na]
	at org.eclipse.recommenders.completion.rcp.CompletionContextFunctions$ExpectedTypeNamesContextFunction.compute(CompletionContextFunctions.java:1) [org.eclipse.recommenders.completion.rcp_2.1.9.v20140917-1240.jar:na]
	at org.eclipse.recommenders.completion.rcp.RecommendersCompletionContext.get(RecommendersCompletionContext.java:328) [org.eclipse.recommenders.completion.rcp_2.1.9.v20140917-1240.jar:na]
	at org.eclipse.recommenders.completion.rcp.RecommendersCompletionContext.get(RecommendersCompletionContext.java:336) [org.eclipse.recommenders.completion.rcp_2.1.9.v20140917-1240.jar:na]
	at org.eclipse.recommenders.completion.rcp.RecommendersCompletionContext.getExpectedTypeNames(RecommendersCompletionContext.java:164) [org.eclipse.recommenders.completion.rcp_2.1.9.v20140917-1240.jar:na]
	at org.eclipse.recommenders.internal.chain.rcp.ChainCompletionProposalComputer.shouldPerformCompletionOnExpectedType(ChainCompletionProposalComputer.java:138) [org.eclipse.recommenders.chain.rcp_2.1.9.v20140917-1240.jar:na]
	at org.eclipse.recommenders.internal.chain.rcp.ChainCompletionProposalComputer.computeCompletionProposals(ChainCompletionProposalComputer.java:96) [org.eclipse.recommenders.chain.rcp_2.1.9.v20140917-1240.jar:na]
	at org.eclipse.recommenders.internal.chain.rcp.ChainQuickAssistProcessor.getAssists(ChainQuickAssistProcessor.java:48) [org.eclipse.recommenders.chain.rcp_2.1.9.v20140917-1240.jar:na]
	at org.eclipse.jdt.internal.ui.text.correction.JavaCorrectionProcessor$SafeAssistCollector.safeRun(JavaCorrectionProcessor.java:403) [org.eclipse.jdt.ui_3.10.1.v20140817-1500.jar:na]
	at org.eclipse.jdt.internal.ui.text.correction.JavaCorrectionProcessor$SafeCorrectionProcessorAccess.run(JavaCorrectionProcessor.java:339) [org.eclipse.jdt.ui_3.10.1.v20140817-1500.jar:na]
	at org.eclipse.core.runtime.SafeRunner.run(SafeRunner.java:42) [org.eclipse.equinox.common_3.6.200.v20130402-1505.jar:na]
	at org.eclipse.jdt.internal.ui.text.correction.JavaCorrectionProcessor$SafeCorrectionProcessorAccess.process(JavaCorrectionProcessor.java:329) [org.eclipse.jdt.ui_3.10.1.v20140817-1500.jar:na]
	at org.eclipse.jdt.internal.ui.text.correction.JavaCorrectionProcessor.collectAssists(JavaCorrectionProcessor.java:509) [org.eclipse.jdt.ui_3.10.1.v20140817-1500.jar:na]
	at org.eclipse.jdt.internal.ui.text.correction.JavaCorrectionProcessor.collectProposals(JavaCorrectionProcessor.java:287) [org.eclipse.jdt.ui_3.10.1.v20140817-1500.jar:na]
	at org.eclipse.jdt.internal.ui.text.correction.JavaCorrectionProcessor.computeQuickAssistProposals(JavaCorrectionProcessor.java:242) [org.eclipse.jdt.ui_3.10.1.v20140817-1500.jar:na]
	at org.eclipse.jface.text.quickassist.QuickAssistAssistant$ContentAssistProcessor.computeCompletionProposals(QuickAssistAssistant.java:75) [org.eclipse.jface.text_3.9.1.v20140827-1810.jar:na]
	at org.eclipse.jface.text.contentassist.ContentAssistant.computeCompletionProposals(ContentAssistant.java:1861) [org.eclipse.jface.text_3.9.1.v20140827-1810.jar:na]
	at org.eclipse.jface.text.contentassist.CompletionProposalPopup.computeProposals(CompletionProposalPopup.java:573) [org.eclipse.jface.text_3.9.1.v20140827-1810.jar:na]
	at org.eclipse.jface.text.contentassist.CompletionProposalPopup.computeFilteredProposals(CompletionProposalPopup.java:1495) [org.eclipse.jface.text_3.9.1.v20140827-1810.jar:na]
	at org.eclipse.jface.text.contentassist.CompletionProposalPopup.access$4(CompletionProposalPopup.java:1484) [org.eclipse.jface.text_3.9.1.v20140827-1810.jar:na]
	at org.eclipse.jface.text.contentassist.CompletionProposalPopup$1.run(CompletionProposalPopup.java:382) [org.eclipse.jface.text_3.9.1.v20140827-1810.jar:na]
	at org.eclipse.jface.text.contentassist.CompletionProposalPopup.getSelectedProposal(CompletionProposalPopup.java:892) [org.eclipse.jface.text_3.9.1.v20140827-1810.jar:na]
	at org.eclipse.jface.text.contentassist.CompletionProposalPopup.verifyKey(CompletionProposalPopup.java:1367) [org.eclipse.jface.text_3.9.1.v20140827-1810.jar:na]
	at org.eclipse.jface.text.contentassist.ContentAssistant$InternalListener.verifyKey(ContentAssistant.java:808) [org.eclipse.jface.text_3.9.1.v20140827-1810.jar:na]
	at org.eclipse.jface.text.TextViewer$VerifyKeyListenersManager.verifyKey(TextViewer.java:491) [org.eclipse.jface.text_3.9.1.v20140827-1810.jar:na]
	at org.eclipse.swt.custom.StyledTextListener.handleEvent(StyledTextListener.java:66) [org.eclipse.swt.gtk.linux.x86_64_3.103.1.v20140903-1947.jar:na]
	at org.eclipse.swt.widgets.EventTable.sendEvent(EventTable.java:84) [org.eclipse.swt.gtk.linux.x86_64_3.103.1.v20140903-1947.jar:na]
	at org.eclipse.swt.widgets.Display.sendEvent(Display.java:4454) [org.eclipse.swt.gtk.linux.x86_64_3.103.1.v20140903-1947.jar:na]
	at org.eclipse.swt.widgets.Widget.sendEvent(Widget.java:1388) [org.eclipse.swt.gtk.linux.x86_64_3.103.1.v20140903-1947.jar:na]
	at org.eclipse.swt.widgets.Widget.sendEvent(Widget.java:1412) [org.eclipse.swt.gtk.linux.x86_64_3.103.1.v20140903-1947.jar:na]
	at org.eclipse.swt.widgets.Widget.sendEvent(Widget.java:1397) [org.eclipse.swt.gtk.linux.x86_64_3.103.1.v20140903-1947.jar:na]
	at org.eclipse.swt.widgets.Widget.notifyListeners(Widget.java:1182) [org.eclipse.swt.gtk.linux.x86_64_3.103.1.v20140903-1947.jar:na]
	at org.eclipse.swt.custom.StyledText.handleKeyDown(StyledText.java:5981) [org.eclipse.swt.gtk.linux.x86_64_3.103.1.v20140903-1947.jar:na]
	at org.eclipse.swt.custom.StyledText$7.handleEvent(StyledText.java:5663) [org.eclipse.swt.gtk.linux.x86_64_3.103.1.v20140903-1947.jar:na]
	at org.eclipse.swt.widgets.EventTable.sendEvent(EventTable.java:84) [org.eclipse.swt.gtk.linux.x86_64_3.103.1.v20140903-1947.jar:na]
	at org.eclipse.swt.widgets.Display.sendEvent(Display.java:4454) [org.eclipse.swt.gtk.linux.x86_64_3.103.1.v20140903-1947.jar:na]
	at org.eclipse.swt.widgets.Widget.sendEvent(Widget.java:1388) [org.eclipse.swt.gtk.linux.x86_64_3.103.1.v20140903-1947.jar:na]
	at org.eclipse.swt.widgets.Widget.sendEvent(Widget.java:1412) [org.eclipse.swt.gtk.linux.x86_64_3.103.1.v20140903-1947.jar:na]
	at org.eclipse.swt.widgets.Widget.sendEvent(Widget.java:1397) [org.eclipse.swt.gtk.linux.x86_64_3.103.1.v20140903-1947.jar:na]
	at org.eclipse.swt.widgets.Widget.sendKeyEvent(Widget.java:1424) [org.eclipse.swt.gtk.linux.x86_64_3.103.1.v20140903-1947.jar:na]
	at org.eclipse.swt.widgets.Widget.gtk_key_press_event(Widget.java:824) [org.eclipse.swt.gtk.linux.x86_64_3.103.1.v20140903-1947.jar:na]
	at org.eclipse.swt.widgets.Control.gtk_key_press_event(Control.java:3272) [org.eclipse.swt.gtk.linux.x86_64_3.103.1.v20140903-1947.jar:na]
	at org.eclipse.swt.widgets.Composite.gtk_key_press_event(Composite.java:769) [org.eclipse.swt.gtk.linux.x86_64_3.103.1.v20140903-1947.jar:na]
	at org.eclipse.swt.widgets.Widget.windowProc(Widget.java:2098) [org.eclipse.swt.gtk.linux.x86_64_3.103.1.v20140903-1947.jar:na]
	at org.eclipse.swt.widgets.Control.windowProc(Control.java:5513) [org.eclipse.swt.gtk.linux.x86_64_3.103.1.v20140903-1947.jar:na]
	at org.eclipse.swt.widgets.Display.windowProc(Display.java:4668) [org.eclipse.swt.gtk.linux.x86_64_3.103.1.v20140903-1947.jar:na]
	at org.eclipse.swt.internal.gtk.OS._gtk_main_do_event(Native Method) [org.eclipse.swt.gtk.linux.x86_64_3.103.1.v20140903-1947.jar:na]
	at org.eclipse.swt.internal.gtk.OS.gtk_main_do_event(OS.java:9106) [org.eclipse.swt.gtk.linux.x86_64_3.103.1.v20140903-1947.jar:na]
	at org.eclipse.swt.widgets.Display.eventProc(Display.java:1253) [org.eclipse.swt.gtk.linux.x86_64_3.103.1.v20140903-1947.jar:na]
	at org.eclipse.swt.internal.gtk.OS._g_main_context_iteration(Native Method) [org.eclipse.swt.gtk.linux.x86_64_3.103.1.v20140903-1947.jar:na]
	at org.eclipse.swt.internal.gtk.OS.g_main_context_iteration(OS.java:2477) [org.eclipse.swt.gtk.linux.x86_64_3.103.1.v20140903-1947.jar:na]
	at org.eclipse.swt.widgets.Display.readAndDispatch(Display.java:3407) [org.eclipse.swt.gtk.linux.x86_64_3.103.1.v20140903-1947.jar:na]
	at org.eclipse.e4.ui.internal.workbench.swt.PartRenderingEngine$9.run(PartRenderingEngine.java:1151) [org.eclipse.e4.ui.workbench.swt_0.12.100.v20140530-1436.jar:na]
	at org.eclipse.core.databinding.observable.Realm.runWithDefault(Realm.java:332) [org.eclipse.core.databinding.observable_1.4.1.v20140210-1835.jar:na]
	at org.eclipse.e4.ui.internal.workbench.swt.PartRenderingEngine.run(PartRenderingEngine.java:1032) [org.eclipse.e4.ui.workbench.swt_0.12.100.v20140530-1436.jar:na]
	at org.eclipse.e4.ui.internal.workbench.E4Workbench.createAndRunUI(E4Workbench.java:148) [org.eclipse.e4.ui.workbench_1.2.1.v20140901-1244.jar:na]
	at org.eclipse.ui.internal.Workbench$5.run(Workbench.java:636) [org.eclipse.ui.workbench_3.106.1.v20140827-1737.jar:na]
	at org.eclipse.core.databinding.observable.Realm.runWithDefault(Realm.java:332) [org.eclipse.core.databinding.observable_1.4.1.v20140210-1835.jar:na]
	at org.eclipse.ui.internal.Workbench.createAndRunWorkbench(Workbench.java:579) [org.eclipse.ui.workbench_3.106.1.v20140827-1737.jar:na]
	at org.eclipse.ui.PlatformUI.createAndRunWorkbench(PlatformUI.java:150) [org.eclipse.ui.workbench_3.106.1.v20140827-1737.jar:na]
	at org.eclipse.ui.internal.ide.application.IDEApplication.start(IDEApplication.java:135) [org.eclipse.ui.ide.application_1.0.500.v20140514-2033.jar:na]
	at org.eclipse.equinox.internal.app.EclipseAppHandle.run(EclipseAppHandle.java:196) [org.eclipse.equinox.app_1.3.200.v20130910-1609.jar:na]
	at org.eclipse.core.runtime.internal.adaptor.EclipseAppLauncher.runApplication(EclipseAppLauncher.java:134) [org.eclipse.osgi_3.10.1.v20140909-1633.jar:na]
	at org.eclipse.core.runtime.internal.adaptor.EclipseAppLauncher.start(EclipseAppLauncher.java:104) [org.eclipse.osgi_3.10.1.v20140909-1633.jar:na]
	at org.eclipse.core.runtime.adaptor.EclipseStarter.run(EclipseStarter.java:380) [org.eclipse.osgi_3.10.1.v20140909-1633.jar:na]
	at org.eclipse.core.runtime.adaptor.EclipseStarter.run(EclipseStarter.java:235) [org.eclipse.osgi_3.10.1.v20140909-1633.jar:na]
	at sun.reflect.NativeMethodAccessorImpl.invoke0(Native Method) ~[na:1.8.0_161]
	at sun.reflect.NativeMethodAccessorImpl.invoke(NativeMethodAccessorImpl.java:62) ~[na:1.8.0_161]
	at sun.reflect.DelegatingMethodAccessorImpl.invoke(DelegatingMethodAccessorImpl.java:43) ~[na:1.8.0_161]
	at java.lang.reflect.Method.invoke(Method.java:498) ~[na:1.8.0_161]
	at org.eclipse.equinox.launcher.Main.invokeFramework(Main.java:648) [org.eclipse.equinox.launcher_1.3.0.v20140415-2008.jar:na]
	at org.eclipse.equinox.launcher.Main.basicRun(Main.java:603) [org.eclipse.equinox.launcher_1.3.0.v20140415-2008.jar:na]
	at org.eclipse.equinox.launcher.Main.run(Main.java:1465) [org.eclipse.equinox.launcher_1.3.0.v20140415-2008.jar:na]
	at org.eclipse.equinox.launcher.Main.main(Main.java:1438) [org.eclipse.equinox.launcher_1.3.0.v20140415-2008.jar:na]
2018-12-28 22:16:49,025 [main] ERROR o.e.r.c.r.RecommendersCompletionContext - Couldn't parse type name: '[Ljava/util/AbstractCollection<Ljava/lang/Integer;>;.toArray<T:Ljava/lang/Object;>([TT;)[TT;:TT;'
java.lang.IllegalArgumentException: Cannot parse '[Ljava/util/AbstractCollection;/toArray([TT;)[TT;:TT' as vm type name.
	at org.eclipse.recommenders.utils.Throws.throwIllegalArgumentException(Throws.java:25) ~[org.eclipse.recommenders.utils_2.1.9.v20140917-1240.jar:na]
	at org.eclipse.recommenders.utils.names.VmTypeName.<init>(VmTypeName.java:116) ~[org.eclipse.recommenders.utils_2.1.9.v20140917-1240.jar:na]
	at org.eclipse.recommenders.utils.names.VmTypeName.get(VmTypeName.java:56) ~[org.eclipse.recommenders.utils_2.1.9.v20140917-1240.jar:na]
	at org.eclipse.recommenders.completion.rcp.RecommendersCompletionContext.createTypeNamesFromSignatures(RecommendersCompletionContext.java:80) [org.eclipse.recommenders.completion.rcp_2.1.9.v20140917-1240.jar:na]
	at org.eclipse.recommenders.completion.rcp.CompletionContextFunctions$ExpectedTypeNamesContextFunction.compute(CompletionContextFunctions.java:220) [org.eclipse.recommenders.completion.rcp_2.1.9.v20140917-1240.jar:na]
	at org.eclipse.recommenders.completion.rcp.CompletionContextFunctions$ExpectedTypeNamesContextFunction.compute(CompletionContextFunctions.java:1) [org.eclipse.recommenders.completion.rcp_2.1.9.v20140917-1240.jar:na]
	at org.eclipse.recommenders.completion.rcp.RecommendersCompletionContext.get(RecommendersCompletionContext.java:328) [org.eclipse.recommenders.completion.rcp_2.1.9.v20140917-1240.jar:na]
	at org.eclipse.recommenders.completion.rcp.RecommendersCompletionContext.get(RecommendersCompletionContext.java:336) [org.eclipse.recommenders.completion.rcp_2.1.9.v20140917-1240.jar:na]
	at org.eclipse.recommenders.completion.rcp.RecommendersCompletionContext.getExpectedTypeNames(RecommendersCompletionContext.java:164) [org.eclipse.recommenders.completion.rcp_2.1.9.v20140917-1240.jar:na]
	at org.eclipse.recommenders.internal.chain.rcp.ChainCompletionProposalComputer.shouldPerformCompletionOnExpectedType(ChainCompletionProposalComputer.java:138) [org.eclipse.recommenders.chain.rcp_2.1.9.v20140917-1240.jar:na]
	at org.eclipse.recommenders.internal.chain.rcp.ChainCompletionProposalComputer.computeCompletionProposals(ChainCompletionProposalComputer.java:96) [org.eclipse.recommenders.chain.rcp_2.1.9.v20140917-1240.jar:na]
	at org.eclipse.recommenders.internal.chain.rcp.ChainQuickAssistProcessor.getAssists(ChainQuickAssistProcessor.java:48) [org.eclipse.recommenders.chain.rcp_2.1.9.v20140917-1240.jar:na]
	at org.eclipse.jdt.internal.ui.text.correction.JavaCorrectionProcessor$SafeAssistCollector.safeRun(JavaCorrectionProcessor.java:403) [org.eclipse.jdt.ui_3.10.1.v20140817-1500.jar:na]
	at org.eclipse.jdt.internal.ui.text.correction.JavaCorrectionProcessor$SafeCorrectionProcessorAccess.run(JavaCorrectionProcessor.java:339) [org.eclipse.jdt.ui_3.10.1.v20140817-1500.jar:na]
	at org.eclipse.core.runtime.SafeRunner.run(SafeRunner.java:42) [org.eclipse.equinox.common_3.6.200.v20130402-1505.jar:na]
	at org.eclipse.jdt.internal.ui.text.correction.JavaCorrectionProcessor$SafeCorrectionProcessorAccess.process(JavaCorrectionProcessor.java:329) [org.eclipse.jdt.ui_3.10.1.v20140817-1500.jar:na]
	at org.eclipse.jdt.internal.ui.text.correction.JavaCorrectionProcessor.collectAssists(JavaCorrectionProcessor.java:509) [org.eclipse.jdt.ui_3.10.1.v20140817-1500.jar:na]
	at org.eclipse.jdt.internal.ui.text.correction.JavaCorrectionProcessor.collectProposals(JavaCorrectionProcessor.java:287) [org.eclipse.jdt.ui_3.10.1.v20140817-1500.jar:na]
	at org.eclipse.jdt.internal.ui.text.correction.JavaCorrectionProcessor.computeQuickAssistProposals(JavaCorrectionProcessor.java:242) [org.eclipse.jdt.ui_3.10.1.v20140817-1500.jar:na]
	at org.eclipse.jface.text.quickassist.QuickAssistAssistant$ContentAssistProcessor.computeCompletionProposals(QuickAssistAssistant.java:75) [org.eclipse.jface.text_3.9.1.v20140827-1810.jar:na]
	at org.eclipse.jface.text.contentassist.ContentAssistant.computeCompletionProposals(ContentAssistant.java:1861) [org.eclipse.jface.text_3.9.1.v20140827-1810.jar:na]
	at org.eclipse.jface.text.contentassist.CompletionProposalPopup.computeProposals(CompletionProposalPopup.java:573) [org.eclipse.jface.text_3.9.1.v20140827-1810.jar:na]
	at org.eclipse.jface.text.contentassist.CompletionProposalPopup.computeFilteredProposals(CompletionProposalPopup.java:1495) [org.eclipse.jface.text_3.9.1.v20140827-1810.jar:na]
	at org.eclipse.jface.text.contentassist.CompletionProposalPopup.access$4(CompletionProposalPopup.java:1484) [org.eclipse.jface.text_3.9.1.v20140827-1810.jar:na]
	at org.eclipse.jface.text.contentassist.CompletionProposalPopup$1.run(CompletionProposalPopup.java:382) [org.eclipse.jface.text_3.9.1.v20140827-1810.jar:na]
	at org.eclipse.jface.text.contentassist.CompletionProposalPopup.getSelectedProposal(CompletionProposalPopup.java:892) [org.eclipse.jface.text_3.9.1.v20140827-1810.jar:na]
	at org.eclipse.jface.text.contentassist.CompletionProposalPopup.verifyKey(CompletionProposalPopup.java:1367) [org.eclipse.jface.text_3.9.1.v20140827-1810.jar:na]
	at org.eclipse.jface.text.contentassist.ContentAssistant$InternalListener.verifyKey(ContentAssistant.java:808) [org.eclipse.jface.text_3.9.1.v20140827-1810.jar:na]
	at org.eclipse.jface.text.TextViewer$VerifyKeyListenersManager.verifyKey(TextViewer.java:491) [org.eclipse.jface.text_3.9.1.v20140827-1810.jar:na]
	at org.eclipse.swt.custom.StyledTextListener.handleEvent(StyledTextListener.java:66) [org.eclipse.swt.gtk.linux.x86_64_3.103.1.v20140903-1947.jar:na]
	at org.eclipse.swt.widgets.EventTable.sendEvent(EventTable.java:84) [org.eclipse.swt.gtk.linux.x86_64_3.103.1.v20140903-1947.jar:na]
	at org.eclipse.swt.widgets.Display.sendEvent(Display.java:4454) [org.eclipse.swt.gtk.linux.x86_64_3.103.1.v20140903-1947.jar:na]
	at org.eclipse.swt.widgets.Widget.sendEvent(Widget.java:1388) [org.eclipse.swt.gtk.linux.x86_64_3.103.1.v20140903-1947.jar:na]
	at org.eclipse.swt.widgets.Widget.sendEvent(Widget.java:1412) [org.eclipse.swt.gtk.linux.x86_64_3.103.1.v20140903-1947.jar:na]
	at org.eclipse.swt.widgets.Widget.sendEvent(Widget.java:1397) [org.eclipse.swt.gtk.linux.x86_64_3.103.1.v20140903-1947.jar:na]
	at org.eclipse.swt.widgets.Widget.notifyListeners(Widget.java:1182) [org.eclipse.swt.gtk.linux.x86_64_3.103.1.v20140903-1947.jar:na]
	at org.eclipse.swt.custom.StyledText.handleKeyDown(StyledText.java:5981) [org.eclipse.swt.gtk.linux.x86_64_3.103.1.v20140903-1947.jar:na]
	at org.eclipse.swt.custom.StyledText$7.handleEvent(StyledText.java:5663) [org.eclipse.swt.gtk.linux.x86_64_3.103.1.v20140903-1947.jar:na]
	at org.eclipse.swt.widgets.EventTable.sendEvent(EventTable.java:84) [org.eclipse.swt.gtk.linux.x86_64_3.103.1.v20140903-1947.jar:na]
	at org.eclipse.swt.widgets.Display.sendEvent(Display.java:4454) [org.eclipse.swt.gtk.linux.x86_64_3.103.1.v20140903-1947.jar:na]
	at org.eclipse.swt.widgets.Widget.sendEvent(Widget.java:1388) [org.eclipse.swt.gtk.linux.x86_64_3.103.1.v20140903-1947.jar:na]
	at org.eclipse.swt.widgets.Widget.sendEvent(Widget.java:1412) [org.eclipse.swt.gtk.linux.x86_64_3.103.1.v20140903-1947.jar:na]
	at org.eclipse.swt.widgets.Widget.sendEvent(Widget.java:1397) [org.eclipse.swt.gtk.linux.x86_64_3.103.1.v20140903-1947.jar:na]
	at org.eclipse.swt.widgets.Widget.sendKeyEvent(Widget.java:1424) [org.eclipse.swt.gtk.linux.x86_64_3.103.1.v20140903-1947.jar:na]
	at org.eclipse.swt.widgets.Widget.gtk_key_press_event(Widget.java:824) [org.eclipse.swt.gtk.linux.x86_64_3.103.1.v20140903-1947.jar:na]
	at org.eclipse.swt.widgets.Control.gtk_key_press_event(Control.java:3272) [org.eclipse.swt.gtk.linux.x86_64_3.103.1.v20140903-1947.jar:na]
	at org.eclipse.swt.widgets.Composite.gtk_key_press_event(Composite.java:769) [org.eclipse.swt.gtk.linux.x86_64_3.103.1.v20140903-1947.jar:na]
	at org.eclipse.swt.widgets.Widget.windowProc(Widget.java:2098) [org.eclipse.swt.gtk.linux.x86_64_3.103.1.v20140903-1947.jar:na]
	at org.eclipse.swt.widgets.Control.windowProc(Control.java:5513) [org.eclipse.swt.gtk.linux.x86_64_3.103.1.v20140903-1947.jar:na]
	at org.eclipse.swt.widgets.Display.windowProc(Display.java:4668) [org.eclipse.swt.gtk.linux.x86_64_3.103.1.v20140903-1947.jar:na]
	at org.eclipse.swt.internal.gtk.OS._gtk_main_do_event(Native Method) [org.eclipse.swt.gtk.linux.x86_64_3.103.1.v20140903-1947.jar:na]
	at org.eclipse.swt.internal.gtk.OS.gtk_main_do_event(OS.java:9106) [org.eclipse.swt.gtk.linux.x86_64_3.103.1.v20140903-1947.jar:na]
	at org.eclipse.swt.widgets.Display.eventProc(Display.java:1253) [org.eclipse.swt.gtk.linux.x86_64_3.103.1.v20140903-1947.jar:na]
	at org.eclipse.swt.internal.gtk.OS._g_main_context_iteration(Native Method) [org.eclipse.swt.gtk.linux.x86_64_3.103.1.v20140903-1947.jar:na]
	at org.eclipse.swt.internal.gtk.OS.g_main_context_iteration(OS.java:2477) [org.eclipse.swt.gtk.linux.x86_64_3.103.1.v20140903-1947.jar:na]
	at org.eclipse.swt.widgets.Display.readAndDispatch(Display.java:3407) [org.eclipse.swt.gtk.linux.x86_64_3.103.1.v20140903-1947.jar:na]
	at org.eclipse.e4.ui.internal.workbench.swt.PartRenderingEngine$9.run(PartRenderingEngine.java:1151) [org.eclipse.e4.ui.workbench.swt_0.12.100.v20140530-1436.jar:na]
	at org.eclipse.core.databinding.observable.Realm.runWithDefault(Realm.java:332) [org.eclipse.core.databinding.observable_1.4.1.v20140210-1835.jar:na]
	at org.eclipse.e4.ui.internal.workbench.swt.PartRenderingEngine.run(PartRenderingEngine.java:1032) [org.eclipse.e4.ui.workbench.swt_0.12.100.v20140530-1436.jar:na]
	at org.eclipse.e4.ui.internal.workbench.E4Workbench.createAndRunUI(E4Workbench.java:148) [org.eclipse.e4.ui.workbench_1.2.1.v20140901-1244.jar:na]
	at org.eclipse.ui.internal.Workbench$5.run(Workbench.java:636) [org.eclipse.ui.workbench_3.106.1.v20140827-1737.jar:na]
	at org.eclipse.core.databinding.observable.Realm.runWithDefault(Realm.java:332) [org.eclipse.core.databinding.observable_1.4.1.v20140210-1835.jar:na]
	at org.eclipse.ui.internal.Workbench.createAndRunWorkbench(Workbench.java:579) [org.eclipse.ui.workbench_3.106.1.v20140827-1737.jar:na]
	at org.eclipse.ui.PlatformUI.createAndRunWorkbench(PlatformUI.java:150) [org.eclipse.ui.workbench_3.106.1.v20140827-1737.jar:na]
	at org.eclipse.ui.internal.ide.application.IDEApplication.start(IDEApplication.java:135) [org.eclipse.ui.ide.application_1.0.500.v20140514-2033.jar:na]
	at org.eclipse.equinox.internal.app.EclipseAppHandle.run(EclipseAppHandle.java:196) [org.eclipse.equinox.app_1.3.200.v20130910-1609.jar:na]
	at org.eclipse.core.runtime.internal.adaptor.EclipseAppLauncher.runApplication(EclipseAppLauncher.java:134) [org.eclipse.osgi_3.10.1.v20140909-1633.jar:na]
	at org.eclipse.core.runtime.internal.adaptor.EclipseAppLauncher.start(EclipseAppLauncher.java:104) [org.eclipse.osgi_3.10.1.v20140909-1633.jar:na]
	at org.eclipse.core.runtime.adaptor.EclipseStarter.run(EclipseStarter.java:380) [org.eclipse.osgi_3.10.1.v20140909-1633.jar:na]
	at org.eclipse.core.runtime.adaptor.EclipseStarter.run(EclipseStarter.java:235) [org.eclipse.osgi_3.10.1.v20140909-1633.jar:na]
	at sun.reflect.NativeMethodAccessorImpl.invoke0(Native Method) ~[na:1.8.0_161]
	at sun.reflect.NativeMethodAccessorImpl.invoke(NativeMethodAccessorImpl.java:62) ~[na:1.8.0_161]
	at sun.reflect.DelegatingMethodAccessorImpl.invoke(DelegatingMethodAccessorImpl.java:43) ~[na:1.8.0_161]
	at java.lang.reflect.Method.invoke(Method.java:498) ~[na:1.8.0_161]
	at org.eclipse.equinox.launcher.Main.invokeFramework(Main.java:648) [org.eclipse.equinox.launcher_1.3.0.v20140415-2008.jar:na]
	at org.eclipse.equinox.launcher.Main.basicRun(Main.java:603) [org.eclipse.equinox.launcher_1.3.0.v20140415-2008.jar:na]
	at org.eclipse.equinox.launcher.Main.run(Main.java:1465) [org.eclipse.equinox.launcher_1.3.0.v20140415-2008.jar:na]
	at org.eclipse.equinox.launcher.Main.main(Main.java:1438) [org.eclipse.equinox.launcher_1.3.0.v20140415-2008.jar:na]
2018-12-29 04:24:04,146 [main] WARN  o.e.r.i.c.rcp.TypeBindingAnalyzer - Can't handle class org.eclipse.jdt.internal.compiler.ast.AllocationExpression as parent of completion location.
2018-12-29 04:48:57,773 [main] WARN  o.e.r.i.c.rcp.TypeBindingAnalyzer - Can't handle class org.eclipse.jdt.internal.compiler.ast.AllocationExpression as parent of completion location.
2018-12-29 15:37:53,969 [main] WARN  o.e.r.i.c.rcp.TypeBindingAnalyzer - Can't handle class org.eclipse.jdt.internal.compiler.ast.AllocationExpression as parent of completion location.
2018-12-30 14:41:20,260 [main] WARN  o.e.r.i.c.rcp.TypeBindingAnalyzer - Can't handle class org.eclipse.jdt.internal.compiler.ast.AllocationExpression as parent of completion location.
2018-12-30 16:26:29,287 [main] WARN  o.e.r.i.c.rcp.TypeBindingAnalyzer - Can't handle class org.eclipse.jdt.internal.compiler.ast.AllocationExpression as parent of completion location.
2018-12-30 20:06:38,339 [main] WARN  o.e.r.i.c.rcp.TypeBindingAnalyzer - Can't handle class org.eclipse.jdt.internal.compiler.ast.AllocationExpression as parent of completion location.
2018-12-30 21:28:16,602 [main] WARN  o.e.r.i.c.rcp.TypeBindingAnalyzer - Can't handle class org.eclipse.jdt.internal.compiler.ast.BinaryExpression as parent of completion location.
2018-12-30 21:28:19,605 [main] WARN  o.e.r.i.c.rcp.TypeBindingAnalyzer - Can't handle class org.eclipse.jdt.internal.compiler.ast.BinaryExpression as parent of completion location.
2018-12-30 21:28:21,624 [main] WARN  o.e.r.i.c.rcp.TypeBindingAnalyzer - Can't handle class org.eclipse.jdt.internal.compiler.ast.BinaryExpression as parent of completion location.
2018-12-30 21:28:22,625 [main] WARN  o.e.r.i.c.rcp.TypeBindingAnalyzer - Can't handle class org.eclipse.jdt.internal.compiler.ast.BinaryExpression as parent of completion location.
2018-12-31 12:28:20,830 [main] WARN  o.e.r.i.c.rcp.TypeBindingAnalyzer - Can't handle class org.eclipse.jdt.internal.compiler.ast.AllocationExpression as parent of completion location.
2018-12-31 12:37:53,091 [main] WARN  o.e.r.i.c.rcp.TypeBindingAnalyzer - Can't handle class org.eclipse.jdt.internal.compiler.ast.AllocationExpression as parent of completion location.
2019-01-02 20:03:21,281 [main] WARN  o.e.r.i.c.rcp.TypeBindingAnalyzer - Can't handle class org.eclipse.jdt.internal.compiler.ast.IfStatement as parent of completion location.
2019-01-09 00:03:00,197 [Start Help Server] INFO  org.eclipse.jetty.server.Server - jetty-8.1.16.v20140903
2019-01-09 00:03:00,268 [Start Help Server] INFO  o.e.jetty.server.AbstractConnector - Started SelectChannelConnector@127.0.0.1:34129
2019-01-09 00:08:49,236 [Stop Help Server] INFO  o.e.j.server.handler.ContextHandler - stopped o.e.j.s.ServletContextHandler{/help,null}
